* using log directory 'C:/Users/thech/Documents/R files/mmeta3/mmeta.Rcheck'
* using R version 4.2.2 (2022-10-31 ucrt)
* using platform: x86_64-w64-mingw32 (64-bit)
* using session charset: UTF-8
* using options '--no-manual --as-cran'
* checking for file 'mmeta/DESCRIPTION' ... OK
* checking extension type ... Package
* this is package 'mmeta' version '3.0'
* package encoding: UTF-8
* checking package namespace information ... OK
* checking package dependencies ... OK
* checking if this is a source package ... OK
* checking if there is a namespace ... OK
* checking for executable files ... OK
* checking for hidden files and directories ... OK
* checking for portable file names ... OK
* checking serialization versions ... OK
* checking whether package 'mmeta' can be installed ... NOTE
Found the following notes/warnings:
  Non-staged installation was used
See 'C:/Users/thech/Documents/R files/mmeta3/mmeta.Rcheck/00install.out' for details.
* checking installed package size ... OK
* checking package directory ... OK
* checking for future file timestamps ... OK
* checking DESCRIPTION meta-information ... OK
* checking top-level files ... OK
* checking for left-over files ... OK
* checking index information ... OK
* checking package subdirectories ... OK
* checking R files for non-ASCII characters ... OK
* checking R files for syntax errors ... OK
* checking whether the package can be loaded ... OK
* checking whether the package can be loaded with stated dependencies ... OK
* checking whether the package can be unloaded cleanly ... OK
* checking whether the namespace can be loaded with stated dependencies ... OK
* checking whether the namespace can be unloaded cleanly ... OK
* checking loading without being on the library search path ... OK
* checking dependencies in R code ... OK
* checking S3 generic/method consistency ... OK
* checking replacement functions ... OK
* checking foreign function calls ... OK
* checking R code for possible problems ... [11s] NOTE
forestPlot: no visible binding for global variable 'study_id'
forestPlot: no visible binding for global variable 'ET_lower'
forestPlot: no visible binding for global variable 'ET_upper'
samplePosteriorIndependent: no visible global function definition for
  'parmsPosteriorIndependentCal'
samplePosteriorIndependent: no visible binding for global variable
  'parms_prior'
Undefined global functions or variables:
  ET_lower ET_upper parmsPosteriorIndependentCal parms_prior study_id
* checking Rd files ... OK
* checking Rd metadata ... OK
* checking Rd line widths ... OK
* checking Rd cross-references ... OK
* checking for missing documentation entries ... OK
* checking for code/documentation mismatches ... OK
* checking Rd \usage sections ... OK
* checking Rd contents ... OK
* checking for unstated dependencies in examples ... OK
* checking contents of 'data' directory ... OK
* checking data for non-ASCII characters ... OK
* checking data for ASCII and uncompressed saves ... OK
* checking line endings in C/C++/Fortran sources/headers ... OK
* checking pragmas in C/C++ headers and code ... OK
* checking compilation flags used ... OK
* checking compiled code ... OK
* checking examples ... OK
* checking examples with --run-donttest ... [242s] ERROR
Running examples in 'mmeta-Ex.R' failed
The error most likely occurred in:

> base::assign(".ptime", proc.time(), pos = "CheckExEnv")
> ### Name: MultipleTables.plot
> ### Title: Plot Method for 'Multipletables' objects
> ### Aliases: MultipleTables.plot
> 
> ### ** Examples
> 
> ## No test: 
>  library(mmeta)
>  library(ggplot2)
>  ## Analyze the dataset colorectal to conduct exact inference of the odds ratios
>  data(colorectal)
>  colorectal['study_name'] <- colorectal['studynames']
>  ## If exact method is used, the codes for sampling method are similar.
>  ## Create object multiple_tables_obj_exact
>  multiple_tables_obj_exact <- MultipleTables.create(data=colorectal,
+   measure='OR', model= 'Sarmanov')
>  ## Model fit default
>  multiple_tables_obj_exact <- MultipleTables.modelFit(multiple_tables_obj_exact, method = 'exact')
>  ## Density plot, overlay
>  ## Note: There are no enough types of line, if we have too many densities!
>  MultipleTables.plot(multiple_tables_obj_exact, plot_type = 'density',
+  layout_type = 'overlay')
>  ## Choose Set by = ‘color’
>  MultipleTables.plot(multiple_tables_obj_exact, plot_type = 'density',
+  layout_type = 'overlay',by = 'color')
>  ## Set by = ‘color’ and specify xlim as 0 to 5.
>  MultipleTables.plot(multiple_tables_obj_exact, plot_type = 'density',
+  layout_type = 'overlay', by = 'color', xlim = c(0,5))
Warning: Removed 37334 rows containing missing values (`geom_line()`).
>  ## Set by = ‘color’ and specify xlim as 0 to 5 and add vertical line at OR = 1
>  MultipleTables.plot(multiple_tables_obj_exact, plot_type = 'density',
+  layout_type = 'overlay', by = 'color',xlim = c(0,5), add_vertical = 1)
Warning: Removed 37334 rows containing missing values (`geom_line()`).
>  ## If select three studies
>  MultipleTables.plot(multiple_tables_obj_exact, plot_type = 'density',
+  layout_type = 'overlay',selected_study_names = c('Bell','Chen','Oda'), xlim = c(0,5))
Warning: Removed 5682 rows containing missing values (`geom_line()`).
>  ## We can add external layouts for the return ggplot2 : * xlab as Odds ratio
>  ggplot2_obj <- MultipleTables.plot(multiple_tables_obj_exact,
+  plot_type = 'density', layout_type = 'overlay', by = 'color',xlim = c(0,5))
>  ggplot2_obj + xlab('Odds Ratio')  + ggtitle('OR ration for XX cancer')
Warning: Removed 37334 rows containing missing values (`geom_line()`).
>  ## density plot, plot side by side
>  MultipleTables.plot(multiple_tables_obj_exact, plot_type = 'density',
+  layout_type = 'side_by_side')
>  ## Forest plot (default)
>  MultipleTables.plot(multiple_tables_obj_exact, plot_type = 'forest')
Error in 1:num_studies : argument of length 0
Calls: MultipleTables.plot -> MultipleTables._plotForest
Execution halted
* checking for non-standard things in the check directory ... OK
* checking for detritus in the temp directory ... OK
* DONE
Status: 1 ERROR, 2 NOTEs
