* installing *source* package 'mmeta' ...
** using non-staged installation via StagedInstall field
** libs
gcc  -I"C:/PROGRA~1/R/R-42~1.2/include" -DNDEBUG     -I"C:/RBuildTools/4.2/x86_64-w64-mingw32.static.posix/include"     -O2 -Wall  -std=gnu99 -mfpmath=sse -msse2 -mstackrealign  -c arms-R.c -o arms-R.o
arms-R.c: In function 'invert':
arms-R.c:328:37: warning: unused variable 'z' [-Wunused-variable]
  328 |   double u,xl,xr,yl,yr,eyl,eyr,prop,z;
      |                                     ^
arms-R.c:381:19: warning: 'xr' may be used uninitialized in this function [-Wmaybe-uninitialized]
  381 |   if ((p->x < xl) || (p->x > xr)) error("exit 1");
      |       ~~~~~~~~~~~~^~~~~~~~~~~~~~
arms-R.c:381:6: warning: 'xl' may be used uninitialized in this function [-Wmaybe-uninitialized]
  381 |   if ((p->x < xl) || (p->x > xr)) error("exit 1");
      |      ^
arms-R.c: In function 'meet':
arms-R.c:719:26: warning: 'gr' may be used uninitialized in this function [-Wmaybe-uninitialized]
  719 |     q->y = q->pr->y - gr * (q->pr->x - q->x);
      |                       ~~~^~~~~~~~~~~~~~~~~~~
arms-R.c:705:48: warning: 'dr' may be used uninitialized in this function [-Wmaybe-uninitialized]
  705 |     q->y = (dl * q->pr->y + dr * q->pl->y + dl * dr)/(dl + dr);
      |                                             ~~~^~~~
gfortran  -fno-optimize-sibling-calls    -O2  -mfpmath=sse -msse2 -mstackrealign  -c hygfx.f -o hygfx.o
hygfx.f:82:72:

   82 | 10            HF=HF+R
      |                                                                        1
Warning: Fortran 2018 deleted feature: DO termination statement which is not END DO or CONTINUE with label 10 at (1)
hygfx.f:91:72:

   91 | 15            HF=HF+R
      |                                                                        1
Warning: Fortran 2018 deleted feature: DO termination statement which is not END DO or CONTINUE with label 15 at (1)
hygfx.f:120:72:

  120 | 100           HW=HF
      |                                                                        1
Warning: Fortran 2018 deleted feature: DO termination statement which is not END DO or CONTINUE with label 100 at (1)
hygfx.f:150:72:

  150 | 10               GA=GA*K
      |                                                                        1
Warning: Fortran 2018 deleted feature: DO termination statement which is not END DO or CONTINUE with label 10 at (1)
hygfx.f:160:72:

  160 | 15               R=R*(Z-K)
      |                                                                        1
Warning: Fortran 2018 deleted feature: DO termination statement which is not END DO or CONTINUE with label 15 at (1)
hygfx.f:179:72:

  179 | 20            GR=GR*Z+G(K)
      |                                                                        1
Warning: Fortran 2018 deleted feature: DO termination statement which is not END DO or CONTINUE with label 20 at (1)
hygfx.f:209:72:

  209 | 10            S=S+1.0D0/K
      |                                                                        1
Warning: Fortran 2018 deleted feature: DO termination statement which is not END DO or CONTINUE with label 10 at (1)
hygfx.f:214:72:

  214 | 20            S=S+1.0/(2.0D0*K-1.0D0)
      |                                                                        1
Warning: Fortran 2018 deleted feature: DO termination statement which is not END DO or CONTINUE with label 20 at (1)
hygfx.f:220:72:

  220 | 30               S=S+1.0D0/(XA+K)
      |                                                                        1
Warning: Fortran 2018 deleted feature: DO termination statement which is not END DO or CONTINUE with label 30 at (1)
gcc -shared -s -static-libgcc -o mmeta.dll tmp.def arms-R.o hygfx.o -LC:/RBuildTools/4.2/x86_64-w64-mingw32.static.posix/lib/x64 -LC:/RBuildTools/4.2/x86_64-w64-mingw32.static.posix/lib -lgfortran -lm -lquadmath -LC:/PROGRA~1/R/R-42~1.2/bin/x64 -lR
installing to C:/Users/thech/DOCUME~1/RFILES~1/mmeta3/MMETA~1.RCH/mmeta/libs/x64
** R
** data
** inst
** byte-compile and prepare package for lazy loading
** help
*** installing help indices
** building package indices
** testing if installed package can be loaded
* DONE (mmeta)
